[debug] [2018-02-14T20:13:59.535Z] ----------------------------------------------------------------------
[debug] [2018-02-14T20:13:59.538Z] Command:       C:\Program Files\nodejs\node.exe C:\Users\Chris\AppData\Roaming\npm\node_modules\firebase-tools\bin\firebase serve
[debug] [2018-02-14T20:13:59.538Z] CLI Version:   3.17.4
[debug] [2018-02-14T20:13:59.538Z] Platform:      win32
[debug] [2018-02-14T20:13:59.538Z] Node Version:  v8.9.3
[debug] [2018-02-14T20:13:59.539Z] Time:          Wed Feb 14 2018 20:13:59 GMT+0000 (GMT Standard Time)
[debug] [2018-02-14T20:13:59.539Z] ----------------------------------------------------------------------
[debug] 
[debug] [2018-02-14T20:13:59.559Z] > command requires scopes: ["email","openid","https://www.googleapis.com/auth/cloudplatformprojects.readonly","https://www.googleapis.com/auth/firebase","https://www.googleapis.com/auth/cloud-platform"]
[debug] [2018-02-14T20:13:59.560Z] > authorizing via signed-in user
[debug] [2018-02-14T20:13:59.564Z] > refreshing access token with scopes: ["email","https://www.googleapis.com/auth/cloud-platform","https://www.googleapis.com/auth/cloudplatformprojects.readonly","https://www.googleapis.com/auth/firebase","openid"]
[debug] [2018-02-14T20:13:59.564Z] >>> HTTP REQUEST POST https://www.googleapis.com/oauth2/v3/token  
 { refresh_token: '1/uD-3upsbY7bQSSqUHuLxjysVyDebVUIqUsUDCsFd95k',
  client_id: '563584335869-fgrhgmd47bqnekij5i8b5pr03ho849e6.apps.googleusercontent.com',
  client_secret: 'j9iVZfS8kkCEFUPaAeJV0sAi',
  grant_type: 'refresh_token',
  scope: 'email https://www.googleapis.com/auth/cloud-platform https://www.googleapis.com/auth/cloudplatformprojects.readonly https://www.googleapis.com/auth/firebase openid' } 
 Wed Feb 14 2018 20:13:59 GMT+0000 (GMT Standard Time)
[debug] [2018-02-14T20:13:59.822Z] <<< HTTP RESPONSE 200
[debug] [2018-02-14T20:13:59.849Z] >>> HTTP REQUEST GET https://admin.firebase.com/v1/projects/thewirralwheelers  
  
 Wed Feb 14 2018 20:13:59 GMT+0000 (GMT Standard Time)
[debug] [2018-02-14T20:14:00.595Z] <<< HTTP RESPONSE 200
[debug] [2018-02-14T20:14:00.595Z] >>> HTTP REQUEST GET https://admin.firebase.com/v1/database/thewirralwheelers/tokens  
  
 Wed Feb 14 2018 20:14:00 GMT+0000 (GMT Standard Time)
[debug] [2018-02-14T20:14:01.286Z] <<< HTTP RESPONSE 200
[info] 
[info] === Serving from 'C:\Users\Chris\source\Repos\TheWirralWheelers'...
[info] 
[debug] [2018-02-14T20:14:01.301Z] >>> HTTP REQUEST GET https://cloudresourcemanager.googleapis.com/v1/projects/thewirralwheelers  
  
 Wed Feb 14 2018 20:14:01 GMT+0000 (GMT Standard Time)
[debug] [2018-02-14T20:14:02.127Z] <<< HTTP RESPONSE 200
[debug] [2018-02-14T20:14:02.128Z] >>> HTTP REQUEST GET https://mobilesdk-pa.googleapis.com/v1/projects/268968338479/clients/_:getWebAppConfig  
  
 Wed Feb 14 2018 20:14:02 GMT+0000 (GMT Standard Time)
[debug] [2018-02-14T20:14:02.751Z] <<< HTTP RESPONSE 200
[info] i  hosting: Serving hosting files from: ./
[info] +  hosting: Local server: http://localhost:5000

